<?xml version="1.0" encoding="UTF-8"?>
<!-- Generated by org.testng.reporters.JUnitXMLReporter -->
<testsuite hostname="Veenas-MacBook-Pro.local" ignored="0" name="TestNGTest1" tests="11" failures="0" timestamp="2021-12-11T07:29:41 EST" time="163.009" errors="0">
  <testcase name="JMB_CASignUp001" time="6.328" classname="com.testCases.JMB_CASignUp001"/>
  <testcase name="JMB_CASignUp002" time="2.008" classname="com.testCases.JMB_CASignUp002"/>
  <testcase name="JMB_CASignUp003" time="1.877" classname="com.testCases.JMB_CASignUp003"/>
  <testcase name="JMB_CASignUp007" time="2.577" classname="com.testCases.JMB_CASignUp007"/>
  <testcase name="JMB_CASignUp008" time="2.386" classname="com.testCases.JMB_CASignUp008"/>
  <testcase name="JMB_CASignUp009" time="1.099" classname="com.testCases.JMB_CASignUp009"/>
  <testcase name="JMB_CASignUp010" time="10.807" classname="com.testCases.JMB_CASignUp010"/>
  <testcase name="JMB_CASignUp016" time="2.183" classname="com.testCases.JMB_CASignUp016"/>
  <testcase name="JMB_CASignUp017" time="2.89" classname="com.testCases.JMB_CASignUp017"/>
  <testcase name="JMB_CASignUp018" time="11.051" classname="com.testCases.JMB_CASignUp018"/>
  <testcase name="JMB_CASignUp019" time="12.038" classname="com.testCases.JMB_CASignUp019"/>
</testsuite> <!-- TestNGTest1 -->
